<?xml version="1.0" encoding="UTF-8"?>
<testsuite name="linkedlist.CustomLinkedListTest" tests="19" skipped="0" failures="0" errors="0" timestamp="2022-09-14T18:29:21" hostname="fedora" time="0.197">
  <properties/>
  <testcase name="lastIndexOfReturnMinusOne_ifEmpty_ifNotFound()" classname="linkedlist.CustomLinkedListTest" time="0.014"/>
  <testcase name="addShouldSetValue()" classname="linkedlist.CustomLinkedListTest" time="0.093"/>
  <testcase name="addFirstShouldAddElementToFirstElementOnList()" classname="linkedlist.CustomLinkedListTest" time="0.005"/>
  <testcase name="indexOfReturnFirstIndexOfElement_ifNotEmpty_ifFound()" classname="linkedlist.CustomLinkedListTest" time="0.003"/>
  <testcase name="offerShouldAddValue()" classname="linkedlist.CustomLinkedListTest" time="0.004"/>
  <testcase name="poll()" classname="linkedlist.CustomLinkedListTest" time="0.003"/>
  <testcase name="offerFirst()" classname="linkedlist.CustomLinkedListTest" time="0.002"/>
  <testcase name="containsReturnTrue_ifFound()" classname="linkedlist.CustomLinkedListTest" time="0.002"/>
  <testcase name="addAllToEmpty()" classname="linkedlist.CustomLinkedListTest" time="0.003"/>
  <testcase name="pollLast()" classname="linkedlist.CustomLinkedListTest" time="0.002"/>
  <testcase name="addAllToNotEmpty()" classname="linkedlist.CustomLinkedListTest" time="0.002"/>
  <testcase name="addLastShouldAddElementToEndOnList()" classname="linkedlist.CustomLinkedListTest" time="0.002"/>
  <testcase name="lastIndexOfReturnLastIndexOfElement_ifNotEmpty_ifFound()" classname="linkedlist.CustomLinkedListTest" time="0.001"/>
  <testcase name="addElementByIndex()" classname="linkedlist.CustomLinkedListTest" time="0.002"/>
  <testcase name="indexOfReturnMinusOne_ifEmpty_ifNotFound()" classname="linkedlist.CustomLinkedListTest" time="0.004"/>
  <testcase name="removeByIndex()" classname="linkedlist.CustomLinkedListTest" time="0.002"/>
  <testcase name="removeByValue()" classname="linkedlist.CustomLinkedListTest" time="0.002"/>
  <testcase name="offerLast()" classname="linkedlist.CustomLinkedListTest" time="0.002"/>
  <testcase name="containsReturnFalse_ifNotFound()" classname="linkedlist.CustomLinkedListTest" time="0.004"/>
  <system-out><![CDATA[]]></system-out>
  <system-err><![CDATA[]]></system-err>
</testsuite>
