<?xml version="1.0" encoding="UTF-8"?>
<testsuite name="arraylist.CustomArrayListTest" tests="20" skipped="0" failures="0" errors="0" timestamp="2022-11-05T19:42:36" hostname="fedora" time="0.163">
  <properties/>
  <testcase name="setShouldReturnValueAndReplaceOldValFromPosition_ifFound()" classname="arraylist.CustomArrayListTest" time="0.119"/>
  <testcase name="removeByValueShouldReturnFalse_ifNotFound()" classname="arraylist.CustomArrayListTest" time="0.001"/>
  <testcase name="removeByKeyShouldReturnNull_ifNotFound()" classname="arraylist.CustomArrayListTest" time="0.003"/>
  <testcase name="clearShouldDecreaseSizeToZero()" classname="arraylist.CustomArrayListTest" time="0.002"/>
  <testcase name="removeByValueShouldReturnTrue_ifFound()" classname="arraylist.CustomArrayListTest" time="0.002"/>
  <testcase name="isEmptyShouldReturnFalse_ifNotEmpty()" classname="arraylist.CustomArrayListTest" time="0.001"/>
  <testcase name="indexOfShouldReturnMinusOne_ifNotFound()" classname="arraylist.CustomArrayListTest" time="0.001"/>
  <testcase name="addWithKeyShouldSetValueByIndexPosition()" classname="arraylist.CustomArrayListTest" time="0.001"/>
  <testcase name="indexOfShouldReturnIndex_ifFound()" classname="arraylist.CustomArrayListTest" time="0.001"/>
  <testcase name="toArrayShouldReturnNull_ifListIsEmpty()" classname="arraylist.CustomArrayListTest" time="0.002"/>
  <testcase name="toArrayShouldReturnArrayOfValues_ifNotEmpty()" classname="arraylist.CustomArrayListTest" time="0.001"/>
  <testcase name="isEmptyShouldReturnTrue_ifEmpty()" classname="arraylist.CustomArrayListTest" time="0.001"/>
  <testcase name="lastIndexOfShouldReturnLastIndex_ifFound()" classname="arraylist.CustomArrayListTest" time="0.0"/>
  <testcase name="addShouldReturnTrue()" classname="arraylist.CustomArrayListTest" time="0.001"/>
  <testcase name="containsShouldReturnFalse_ifNotFound()" classname="arraylist.CustomArrayListTest" time="0.001"/>
  <testcase name="removeRangeShouldRemovesValuesFromFirstKeyToLastKey()" classname="arraylist.CustomArrayListTest" time="0.001"/>
  <testcase name="setShouldReturnNull_ifNotFound()" classname="arraylist.CustomArrayListTest" time="0.0"/>
  <testcase name="containsShouldReturnTrue_ifNotFound()" classname="arraylist.CustomArrayListTest" time="0.0"/>
  <testcase name="lastIndexOfShouldReturnMinusOne_ifNotFound()" classname="arraylist.CustomArrayListTest" time="0.002"/>
  <testcase name="removeByKeyShouldReturnValue_ifFound()" classname="arraylist.CustomArrayListTest" time="0.001"/>
  <system-out><![CDATA[]]></system-out>
  <system-err><![CDATA[]]></system-err>
</testsuite>
